  [1m[36mActiveRecord::SchemaMigration Load (0.1ms)[0m  [1mSELECT "schema_migrations".* FROM "schema_migrations"[0m
  [1m[35mActiveRecord::SchemaMigration Load (0.1ms)[0m  SELECT "schema_migrations".* FROM "schema_migrations"
  [1m[36mActiveRecord::SchemaMigration Load (0.1ms)[0m  [1mSELECT "schema_migrations".* FROM "schema_migrations"[0m
  [1m[35mActiveRecord::SchemaMigration Load (0.1ms)[0m  SELECT "schema_migrations".* FROM "schema_migrations"
  [1m[36mActiveRecord::SchemaMigration Load (0.2ms)[0m  [1mSELECT "schema_migrations".* FROM "schema_migrations"[0m
  [1m[35mSQL (2.5ms)[0m  DELETE FROM "products"


Started GET "/" for 127.0.0.1 at 2015-06-11 17:51:09 +0800
  [1m[36mActiveRecord::SchemaMigration Load (0.1ms)[0m  [1mSELECT "schema_migrations".* FROM "schema_migrations"[0m
Processing by Rails::WelcomeController#index as HTML
  Rendered /usr/local/lib/ruby/gems/2.2.0/gems/railties-4.2.1/lib/rails/templates/rails/welcome/index.html.erb (1.6ms)
Completed 200 OK in 114ms (Views: 14.5ms | ActiveRecord: 0.0ms)


Started GET "/products" for 127.0.0.1 at 2015-06-11 17:51:49 +0800
Processing by ProductsController#index as HTML
  [1m[35mProduct Load (3.1ms)[0m  SELECT "products".* FROM "products"
  Rendered products/index.html.erb within layouts/application (8.5ms)
Completed 500 Internal Server Error in 998ms (ActiveRecord: 3.2ms)

ActionView::Template::Error (Invalid CSS after "...t-size: x-small": expected "{", was ";"):
    2: <html>
    3: <head>
    4:   <title>Depot</title>
    5:   <%= stylesheet_link_tag    'application', media: 'all', 'data-turbolinks-track' => true %>
    6:   <%= javascript_include_tag 'application', 'data-turbolinks-track' => true %>
    7:   <%= csrf_meta_tags %>
    8: </head>
  app/assets/stylesheets/products.scss:42
  app/views/layouts/application.html.erb:5:in `_app_views_layouts_application_html_erb__613715577_27065970'


  Rendered /usr/local/lib/ruby/gems/2.2.0/gems/actionpack-4.2.1/lib/action_dispatch/middleware/templates/rescues/_source.erb (43.4ms)
  Rendered /usr/local/lib/ruby/gems/2.2.0/gems/actionpack-4.2.1/lib/action_dispatch/middleware/templates/rescues/_trace.html.erb (15.0ms)
  Rendered /usr/local/lib/ruby/gems/2.2.0/gems/actionpack-4.2.1/lib/action_dispatch/middleware/templates/rescues/_request_and_response.html.erb (1.5ms)
  Rendered /usr/local/lib/ruby/gems/2.2.0/gems/actionpack-4.2.1/lib/action_dispatch/middleware/templates/rescues/template_error.html.erb within rescues/layout (148.3ms)
  Rendered /usr/local/lib/ruby/gems/2.2.0/gems/web-console-2.1.2/lib/web_console/templates/_markup.html.erb (0.4ms)
  Rendered /usr/local/lib/ruby/gems/2.2.0/gems/web-console-2.1.2/lib/web_console/templates/style.css.erb within layouts/inlined_string (0.6ms)
  Rendered /usr/local/lib/ruby/gems/2.2.0/gems/web-console-2.1.2/lib/web_console/templates/_inner_console_markup.html.erb within layouts/inlined_string (0.3ms)
  Rendered /usr/local/lib/ruby/gems/2.2.0/gems/web-console-2.1.2/lib/web_console/templates/_prompt_box_markup.html.erb within layouts/inlined_string (0.3ms)
  Rendered /usr/local/lib/ruby/gems/2.2.0/gems/web-console-2.1.2/lib/web_console/templates/console.js.erb within layouts/javascript (220.3ms)
  Rendered /usr/local/lib/ruby/gems/2.2.0/gems/web-console-2.1.2/lib/web_console/templates/main.js.erb within layouts/javascript (0.3ms)
  Rendered /usr/local/lib/ruby/gems/2.2.0/gems/web-console-2.1.2/lib/web_console/templates/error_page.js.erb within layouts/javascript (5.2ms)
  Rendered /usr/local/lib/ruby/gems/2.2.0/gems/web-console-2.1.2/lib/web_console/templates/index.html.erb (415.4ms)


Started GET "/products" for 127.0.0.1 at 2015-06-11 17:57:08 +0800
Processing by ProductsController#index as HTML
  [1m[36mProduct Load (3.6ms)[0m  [1mSELECT "products".* FROM "products"[0m
  Rendered products/index.html.erb within layouts/application (4.8ms)
Completed 500 Internal Server Error in 68ms (ActiveRecord: 3.6ms)

ActionView::Template::Error (Invalid CSS after "...t-size: x-small": expected "{", was ";"):
    2: <html>
    3: <head>
    4:   <title>Depot</title>
    5:   <%= stylesheet_link_tag    'application', media: 'all', 'data-turbolinks-track' => true %>
    6:   <%= javascript_include_tag 'application', 'data-turbolinks-track' => true %>
    7:   <%= csrf_meta_tags %>
    8: </head>
  app/assets/stylesheets/products.scss:41
  app/views/layouts/application.html.erb:5:in `_app_views_layouts_application_html_erb__613715577_27065970'


  Rendered /usr/local/lib/ruby/gems/2.2.0/gems/actionpack-4.2.1/lib/action_dispatch/middleware/templates/rescues/_source.erb (15.5ms)
  Rendered /usr/local/lib/ruby/gems/2.2.0/gems/actionpack-4.2.1/lib/action_dispatch/middleware/templates/rescues/_trace.html.erb (7.7ms)
  Rendered /usr/local/lib/ruby/gems/2.2.0/gems/actionpack-4.2.1/lib/action_dispatch/middleware/templates/rescues/_request_and_response.html.erb (0.8ms)
  Rendered /usr/local/lib/ruby/gems/2.2.0/gems/actionpack-4.2.1/lib/action_dispatch/middleware/templates/rescues/template_error.html.erb within rescues/layout (41.8ms)
  Rendered /usr/local/lib/ruby/gems/2.2.0/gems/web-console-2.1.2/lib/web_console/templates/_markup.html.erb (0.4ms)
  Rendered /usr/local/lib/ruby/gems/2.2.0/gems/web-console-2.1.2/lib/web_console/templates/style.css.erb within layouts/inlined_string (0.2ms)
  Rendered /usr/local/lib/ruby/gems/2.2.0/gems/web-console-2.1.2/lib/web_console/templates/_inner_console_markup.html.erb within layouts/inlined_string (0.3ms)
  Rendered /usr/local/lib/ruby/gems/2.2.0/gems/web-console-2.1.2/lib/web_console/templates/_prompt_box_markup.html.erb within layouts/inlined_string (0.3ms)
  Rendered /usr/local/lib/ruby/gems/2.2.0/gems/web-console-2.1.2/lib/web_console/templates/console.js.erb within layouts/javascript (36.8ms)
  Rendered /usr/local/lib/ruby/gems/2.2.0/gems/web-console-2.1.2/lib/web_console/templates/main.js.erb within layouts/javascript (0.2ms)
  Rendered /usr/local/lib/ruby/gems/2.2.0/gems/web-console-2.1.2/lib/web_console/templates/error_page.js.erb within layouts/javascript (0.4ms)
  Rendered /usr/local/lib/ruby/gems/2.2.0/gems/web-console-2.1.2/lib/web_console/templates/index.html.erb (69.0ms)


Started GET "/products" for 127.0.0.1 at 2015-06-11 17:57:54 +0800
Processing by ProductsController#index as HTML
  [1m[35mProduct Load (0.3ms)[0m  SELECT "products".* FROM "products"
  Rendered products/index.html.erb within layouts/application (5.1ms)
Completed 200 OK in 521ms (Views: 520.2ms | ActiveRecord: 0.3ms)


Started GET "/assets/products.self-7904f12c51ed4029ebe692373edd6644c6254544c9f85ee357cee51fcfef385a.css?body=1" for 127.0.0.1 at 2015-06-11 17:57:54 +0800


Started GET "/assets/scaffolds.self-89ca016a44354e52d4fed1adaa8f5e3e50090f2b2ae39e1b43fcd4159c6f0cac.css?body=1" for 127.0.0.1 at 2015-06-11 17:57:54 +0800


Started GET "/products/new" for 127.0.0.1 at 2015-06-11 17:59:03 +0800
Processing by ProductsController#new as HTML
  Rendered products/_form.html.erb (34.6ms)
  Rendered products/new.html.erb within layouts/application (36.2ms)
Completed 200 OK in 81ms (Views: 74.9ms | ActiveRecord: 0.4ms)


Started GET "/products" for 127.0.0.1 at 2015-06-11 17:59:53 +0800
Processing by ProductsController#index as HTML
  [1m[36mProduct Load (0.2ms)[0m  [1mSELECT "products".* FROM "products"[0m
  Rendered products/index.html.erb within layouts/application (0.8ms)
Completed 200 OK in 43ms (Views: 42.4ms | ActiveRecord: 0.2ms)
